<?xml version="1.0" encoding="UTF-8"?>
<testsuite xmlns:xsi="http://www.w3.org/2001/XMLSchema-instance" xsi:noNamespaceSchemaLocation="https://maven.apache.org/surefire/maven-surefire-plugin/xsd/surefire-test-report-3.0.xsd" version="3.0" name="ru.miet.testing.CalculatorGUITest" time="0.489" tests="6" errors="0" skipped="0" failures="0">
  <properties>
[...]
</properties>
  <testcase name="testDisplayErrorShowsMessageAndClearsResult" classname="ru.miet.testing.CalculatorGUITest" time="0.14"/>
  <testcase name="testMultiplyButtonClickCallsListener" classname="ru.miet.testing.CalculatorGUITest" time="0.071"/>
  <testcase name="testPrintResultShowsResultAndClearsError" classname="ru.miet.testing.CalculatorGUITest" time="0.041"/>
  <testcase name="testMinusButtonClickCallsListener" classname="ru.miet.testing.CalculatorGUITest" time="0.07"/>
  <testcase name="testDivideButtonClickCallsListener" classname="ru.miet.testing.CalculatorGUITest" time="0.074"/>
  <testcase name="testPlusButtonClickCallsListener" classname="ru.miet.testing.CalculatorGUITest" time="0.079"/>
</testsuite>